<<<<<new entry>>>>>
name: asdf
email: asdfff
message: 1233
<<<<<new entry>>>>>
name: asdf
email: asdfff
message: 1233
<<<<<new entry>>>>>
name: asdf
email: asdfff
message: 1233
<<<<<new entry>>>>>
name: asdf
email: asdfff
message: 1233


<<<<<new entry>>>>>
name: asdf
email: asdfff
message: 1233


<<<<<new entry>>>>>
name: asdf
email: asdfff
message: 1233


<<<<<new entry>>>>>
name: asdf
email: asdfff
message: 1233


<<<<<new entry>>>>>
name: asdf
email: asdfff
message: 1233


<<<<<new entry>>>>>
name: asdf
email: asdfff@re.com
message: 1233


<<<<<new entry>>>>>
name: ddfs
email: 123@we.com
message: play


